<?xml version="1.0" encoding="UTF-8"?>
<testng-results skipped="0" failed="0" total="1" passed="1">
  <reporter-output>
  </reporter-output>
  <suite name="Default suite" duration-ms="52265" started-at="2014-04-11T06:34:40Z" finished-at="2014-04-11T06:35:32Z">
    <groups>
    </groups>
    <test name="Default test" duration-ms="52265" started-at="2014-04-11T06:34:40Z" finished-at="2014-04-11T06:35:32Z">
      <class name="testCases.CreateNCR_TC">
        <test-method status="PASS" signature="beforeclass()[pri:0, instance:testCases.CreateNCR_TC@4f6f76a8]" name="beforeclass" is-config="true" duration-ms="25844" started-at="2014-04-11T12:04:40Z" finished-at="2014-04-11T12:05:06Z">
          <reporter-output>
          </reporter-output>
        </test-method> <!-- beforeclass -->
        <test-method status="PASS" signature="create_ncr()[pri:0, instance:testCases.CreateNCR_TC@4f6f76a8]" name="create_ncr" duration-ms="26412" started-at="2014-04-11T12:05:06Z" finished-at="2014-04-11T12:05:32Z">
          <reporter-output>
          </reporter-output>
        </test-method> <!-- create_ncr -->
      </class> <!-- testCases.CreateNCR_TC -->
    </test> <!-- Default test -->
  </suite> <!-- Default suite -->
</testng-results>
